----------------------------------------------------
Slurm Job ID: 155419
Running on host: gpu06
Start Time: Wed Jan 28 11:45:14 PM EST 2026
----------------------------------------------------
Initializing conda for script...
Conda environment activated and isolated:

# conda environments:
#
# * -> active
# + -> frozen
base                     /home1/adoyle2025/miniconda3
clrernet                 /home1/adoyle2025/miniconda3/envs/clrernet
distribution_shift_perception     /home1/adoyle2025/miniconda3/envs/distribution_shift_perception
dslp_env                 /home1/adoyle2025/miniconda3/envs/dslp_env
lane_env_cpu             /home1/adoyle2025/miniconda3/envs/lane_env_cpu
lane_perception_test     /home1/adoyle2025/miniconda3/envs/lane_perception_test
ml_project           *   /home1/adoyle2025/miniconda3/envs/ml_project
test_env                 /home1/adoyle2025/miniconda3/envs/test_env
tf_a100                  /home1/adoyle2025/miniconda3/envs/tf_a100

Starting Unit Test...
CUDA Available: True | Total GPUs Found: 4

Initializing autoencoder on 4 GPUs...
Successfully initialized DataParallel on GPUs: 0, 1, 2, 3
[INFO] (/home1/adoyle2025/Datasets/Datasets/CULane) → [4000:5000] (1000 samples)
/home1/adoyle2025/Datasets/Datasets/CULane features loaded. Shape = (1000, 256)

[STEP 1] Calibration using /home1/adoyle2025/Datasets/Datasets/CULane...

Calibrating:   0%|          | 0/100 [00:00<?, ?it/s]
...
Calibrating: 100%|██████████| 100/100 [06:11<00:00,  3.71s/it]

[RESULT] τ(0.95) = 0.050539
Mean MMD (same-distribution): 0.046673 ± 0.002384

[STEP 2] Sanity Check...
[SANITY CHECK] MMD(/home1/adoyle2025/Datasets/Datasets/CULaneto/home1/adoyle2025/Datasets/Datasets/CULane) = 0.045126, τ = 0.050539
No shift detected.

[STEP 3] Data Shift Test: /home1/adoyle2025/Datasets/Datasets/CULane to (0) /home1/adoyle2025/Datasets/Datasets/Curvelanes + (1000) /home1/adoyle2025/Datasets/Datasets/CULane, Noise applied: None


Shift Testing:   0%|          | 0/100 [00:00<?, ?it/s][INFO] Mixed Dataloader Configuration:
[INFO] (/home1/adoyle2025/Datasets/Datasets/CULane) → [4000:5000] (1000 samples)
[INFO] (/home1/adoyle2025/Datasets/Datasets/Curvelanes) → [0:0] (0 samples)
[INFO] Total combined samples: 1000

Shift Testing:   1%|          | 1/100 [00:34<56:23, 34.18s/it][RUN 1] MMD=0.030121 ❌
[INFO] Mixed Dataloader Configuration:
[INFO] (/home1/adoyle2025/Datasets/Datasets/CULane) → [4000:5000] (1000 samples)
[INFO] (/home1/adoyle2025/Datasets/Datasets/Curvelanes) → [0:0] (0 samples)
[INFO] Total combined samples: 1000

Shift Testing:   2%|▏         | 2/100 [01:07<54:44, 33.52s/it][RUN 2] MMD=0.028648 ❌
[INFO] Mixed Dataloader Configuration:
[INFO] (/home1/adoyle2025/Datasets/Datasets/CULane) → [4000:5000] (1000 samples)
[INFO] (/home1/adoyle2025/Datasets/Datasets/Curvelanes) → [0:0] (0 samples)
[INFO] Total combined samples: 1000

Shift Testing:   3%|▎         | 3/100 [01:38<52:50, 32.69s/it][RUN 3] MMD=0.028955 ❌
[INFO] Mixed Dataloader Configuration:
[INFO] (/home1/adoyle2025/Datasets/Datasets/CULane) → [4000:5000] (1000 samples)
[INFO] (/home1/adoyle2025/Datasets/Datasets/Curvelanes) → [0:0] (0 samples)
[INFO] Total combined samples: 1000

Shift Testing:   4%|▍         | 4/100 [02:12<52:56, 33.09s/it][RUN 4] MMD=0.029975 ❌
[INFO] Mixed Dataloader Configuration:
[INFO] (/home1/adoyle2025/Datasets/Datasets/CULane) → [4000:5000] (1000 samples)
[INFO] (/home1/adoyle2025/Datasets/Datasets/Curvelanes) → [0:0] (0 samples)
[INFO] Total combined samples: 1000

Shift Testing:   5%|▌         | 5/100 [02:44<51:33, 32.56s/it][RUN 5] MMD=0.029883 ❌
[INFO] Mixed Dataloader Configuration:
[INFO] (/home1/adoyle2025/Datasets/Datasets/CULane) → [4000:5000] (1000 samples)
[INFO] (/home1/adoyle2025/Datasets/Datasets/Curvelanes) → [0:0] (0 samples)
[INFO] Total combined samples: 1000

Shift Testing:   6%|▌         | 6/100 [03:17<51:08, 32.65s/it][RUN 6] MMD=0.029853 ❌
[INFO] Mixed Dataloader Configuration:
[INFO] (/home1/adoyle2025/Datasets/Datasets/CULane) → [4000:5000] (1000 samples)
[INFO] (/home1/adoyle2025/Datasets/Datasets/Curvelanes) → [0:0] (0 samples)
[INFO] Total combined samples: 1000

Shift Testing:   7%|▋         | 7/100 [03:48<50:01, 32.28s/it][RUN 7] MMD=0.029259 ❌
[INFO] Mixed Dataloader Configuration:
[INFO] (/home1/adoyle2025/Datasets/Datasets/CULane) → [4000:5000] (1000 samples)
[INFO] (/home1/adoyle2025/Datasets/Datasets/Curvelanes) → [0:0] (0 samples)
[INFO] Total combined samples: 1000

Shift Testing:   8%|▊         | 8/100 [04:19<49:02, 31.98s/it][RUN 8] MMD=0.029065 ❌
[INFO] Mixed Dataloader Configuration:
[INFO] (/home1/adoyle2025/Datasets/Datasets/CULane) → [4000:5000] (1000 samples)
[INFO] (/home1/adoyle2025/Datasets/Datasets/Curvelanes) → [0:0] (0 samples)
[INFO] Total combined samples: 1000

Shift Testing:   9%|▉         | 9/100 [04:51<48:08, 31.74s/it][RUN 9] MMD=0.029907 ❌
[INFO] Mixed Dataloader Configuration:
[INFO] (/home1/adoyle2025/Datasets/Datasets/CULane) → [4000:5000] (1000 samples)
[INFO] (/home1/adoyle2025/Datasets/Datasets/Curvelanes) → [0:0] (0 samples)
[INFO] Total combined samples: 1000

Shift Testing:  10%|█         | 10/100 [05:22<47:20, 31.56s/it][RUN 10] MMD=0.028124 ❌
[INFO] Mixed Dataloader Configuration:
[INFO] (/home1/adoyle2025/Datasets/Datasets/CULane) → [4000:5000] (1000 samples)
[INFO] (/home1/adoyle2025/Datasets/Datasets/Curvelanes) → [0:0] (0 samples)
[INFO] Total combined samples: 1000

Shift Testing:  11%|█         | 11/100 [05:55<47:33, 32.06s/it][RUN 11] MMD=0.028270 ❌
[INFO] Mixed Dataloader Configuration:
[INFO] (/home1/adoyle2025/Datasets/Datasets/CULane) → [4000:5000] (1000 samples)
[INFO] (/home1/adoyle2025/Datasets/Datasets/Curvelanes) → [0:0] (0 samples)
[INFO] Total combined samples: 1000

Shift Testing:  12%|█▏        | 12/100 [06:27<47:05, 32.11s/it][RUN 12] MMD=0.029051 ❌
[INFO] Mixed Dataloader Configuration:
[INFO] (/home1/adoyle2025/Datasets/Datasets/CULane) → [4000:5000] (1000 samples)
[INFO] (/home1/adoyle2025/Datasets/Datasets/Curvelanes) → [0:0] (0 samples)
[INFO] Total combined samples: 1000

Shift Testing:  13%|█▎        | 13/100 [07:00<46:48, 32.28s/it][RUN 13] MMD=0.028540 ❌
[INFO] Mixed Dataloader Configuration:
[INFO] (/home1/adoyle2025/Datasets/Datasets/CULane) → [4000:5000] (1000 samples)
[INFO] (/home1/adoyle2025/Datasets/Datasets/Curvelanes) → [0:0] (0 samples)
[INFO] Total combined samples: 1000

Shift Testing:  14%|█▍        | 14/100 [07:32<46:23, 32.37s/it][RUN 14] MMD=0.030217 ❌
[INFO] Mixed Dataloader Configuration:
[INFO] (/home1/adoyle2025/Datasets/Datasets/CULane) → [4000:5000] (1000 samples)
[INFO] (/home1/adoyle2025/Datasets/Datasets/Curvelanes) → [0:0] (0 samples)
[INFO] Total combined samples: 1000

Shift Testing:  15%|█▌        | 15/100 [08:04<45:30, 32.13s/it][RUN 15] MMD=0.029336 ❌
[INFO] Mixed Dataloader Configuration:
[INFO] (/home1/adoyle2025/Datasets/Datasets/CULane) → [4000:5000] (1000 samples)
[INFO] (/home1/adoyle2025/Datasets/Datasets/Curvelanes) → [0:0] (0 samples)
[INFO] Total combined samples: 1000

Shift Testing:  16%|█▌        | 16/100 [08:37<45:07, 32.23s/it][RUN 16] MMD=0.029125 ❌
[INFO] Mixed Dataloader Configuration:
[INFO] (/home1/adoyle2025/Datasets/Datasets/CULane) → [4000:5000] (1000 samples)
[INFO] (/home1/adoyle2025/Datasets/Datasets/Curvelanes) → [0:0] (0 samples)
[INFO] Total combined samples: 1000

Shift Testing:  17%|█▋        | 17/100 [09:07<43:52, 31.72s/it][RUN 17] MMD=0.028492 ❌
[INFO] Mixed Dataloader Configuration:
[INFO] (/home1/adoyle2025/Datasets/Datasets/CULane) → [4000:5000] (1000 samples)
[INFO] (/home1/adoyle2025/Datasets/Datasets/Curvelanes) → [0:0] (0 samples)
[INFO] Total combined samples: 1000

Shift Testing:  18%|█▊        | 18/100 [09:38<43:11, 31.60s/it][RUN 18] MMD=0.027701 ❌
[INFO] Mixed Dataloader Configuration:
[INFO] (/home1/adoyle2025/Datasets/Datasets/CULane) → [4000:5000] (1000 samples)
[INFO] (/home1/adoyle2025/Datasets/Datasets/Curvelanes) → [0:0] (0 samples)
[INFO] Total combined samples: 1000

Shift Testing:  19%|█▉        | 19/100 [10:10<42:38, 31.59s/it][RUN 19] MMD=0.029200 ❌
[INFO] Mixed Dataloader Configuration:
[INFO] (/home1/adoyle2025/Datasets/Datasets/CULane) → [4000:5000] (1000 samples)
[INFO] (/home1/adoyle2025/Datasets/Datasets/Curvelanes) → [0:0] (0 samples)
[INFO] Total combined samples: 1000

Shift Testing:  20%|██        | 20/100 [10:42<42:07, 31.59s/it][RUN 20] MMD=0.029563 ❌
[INFO] Mixed Dataloader Configuration:
[INFO] (/home1/adoyle2025/Datasets/Datasets/CULane) → [4000:5000] (1000 samples)
[INFO] (/home1/adoyle2025/Datasets/Datasets/Curvelanes) → [0:0] (0 samples)
[INFO] Total combined samples: 1000

Shift Testing:  21%|██        | 21/100 [11:13<41:36, 31.60s/it][RUN 21] MMD=0.028572 ❌
[INFO] Mixed Dataloader Configuration:
[INFO] (/home1/adoyle2025/Datasets/Datasets/CULane) → [4000:5000] (1000 samples)
[INFO] (/home1/adoyle2025/Datasets/Datasets/Curvelanes) → [0:0] (0 samples)
[INFO] Total combined samples: 1000

Shift Testing:  22%|██▏       | 22/100 [11:44<40:58, 31.52s/it][RUN 22] MMD=0.028099 ❌
[INFO] Mixed Dataloader Configuration:
[INFO] (/home1/adoyle2025/Datasets/Datasets/CULane) → [4000:5000] (1000 samples)
[INFO] (/home1/adoyle2025/Datasets/Datasets/Curvelanes) → [0:0] (0 samples)
[INFO] Total combined samples: 1000

Shift Testing:  23%|██▎       | 23/100 [12:16<40:34, 31.62s/it][RUN 23] MMD=0.030070 ❌
[INFO] Mixed Dataloader Configuration:
[INFO] (/home1/adoyle2025/Datasets/Datasets/CULane) → [4000:5000] (1000 samples)
[INFO] (/home1/adoyle2025/Datasets/Datasets/Curvelanes) → [0:0] (0 samples)
[INFO] Total combined samples: 1000

Shift Testing:  24%|██▍       | 24/100 [12:47<39:51, 31.47s/it][RUN 24] MMD=0.030255 ❌
[INFO] Mixed Dataloader Configuration:
[INFO] (/home1/adoyle2025/Datasets/Datasets/CULane) → [4000:5000] (1000 samples)
[INFO] (/home1/adoyle2025/Datasets/Datasets/Curvelanes) → [0:0] (0 samples)
[INFO] Total combined samples: 1000

Shift Testing:  25%|██▌       | 25/100 [13:18<39:05, 31.27s/it][RUN 25] MMD=0.029133 ❌
[INFO] Mixed Dataloader Configuration:
[INFO] (/home1/adoyle2025/Datasets/Datasets/CULane) → [4000:5000] (1000 samples)
[INFO] (/home1/adoyle2025/Datasets/Datasets/Curvelanes) → [0:0] (0 samples)
[INFO] Total combined samples: 1000

Shift Testing:  26%|██▌       | 26/100 [13:52<39:33, 32.07s/it][RUN 26] MMD=0.028602 ❌
[INFO] Mixed Dataloader Configuration:
[INFO] (/home1/adoyle2025/Datasets/Datasets/CULane) → [4000:5000] (1000 samples)
[INFO] (/home1/adoyle2025/Datasets/Datasets/Curvelanes) → [0:0] (0 samples)
[INFO] Total combined samples: 1000

Shift Testing:  27%|██▋       | 27/100 [14:23<38:25, 31.59s/it][RUN 27] MMD=0.030019 ❌
[INFO] Mixed Dataloader Configuration:
[INFO] (/home1/adoyle2025/Datasets/Datasets/CULane) → [4000:5000] (1000 samples)
[INFO] (/home1/adoyle2025/Datasets/Datasets/Curvelanes) → [0:0] (0 samples)
[INFO] Total combined samples: 1000

Shift Testing:  28%|██▊       | 28/100 [14:53<37:32, 31.29s/it][RUN 28] MMD=0.029185 ❌
[INFO] Mixed Dataloader Configuration:
[INFO] (/home1/adoyle2025/Datasets/Datasets/CULane) → [4000:5000] (1000 samples)
[INFO] (/home1/adoyle2025/Datasets/Datasets/Curvelanes) → [0:0] (0 samples)
[INFO] Total combined samples: 1000

Shift Testing:  29%|██▉       | 29/100 [15:24<36:53, 31.18s/it][RUN 29] MMD=0.029765 ❌
[INFO] Mixed Dataloader Configuration:
[INFO] (/home1/adoyle2025/Datasets/Datasets/CULane) → [4000:5000] (1000 samples)
[INFO] (/home1/adoyle2025/Datasets/Datasets/Curvelanes) → [0:0] (0 samples)
[INFO] Total combined samples: 1000

Shift Testing:  30%|███       | 30/100 [15:54<35:59, 30.85s/it][RUN 30] MMD=0.030080 ❌
[INFO] Mixed Dataloader Configuration:
[INFO] (/home1/adoyle2025/Datasets/Datasets/CULane) → [4000:5000] (1000 samples)
[INFO] (/home1/adoyle2025/Datasets/Datasets/Curvelanes) → [0:0] (0 samples)
[INFO] Total combined samples: 1000

Shift Testing:  31%|███       | 31/100 [16:24<35:09, 30.57s/it][RUN 31] MMD=0.028313 ❌
[INFO] Mixed Dataloader Configuration:
[INFO] (/home1/adoyle2025/Datasets/Datasets/CULane) → [4000:5000] (1000 samples)
[INFO] (/home1/adoyle2025/Datasets/Datasets/Curvelanes) → [0:0] (0 samples)
[INFO] Total combined samples: 1000

Shift Testing:  32%|███▏      | 32/100 [16:53<34:06, 30.10s/it][RUN 32] MMD=0.029022 ❌
[INFO] Mixed Dataloader Configuration:
[INFO] (/home1/adoyle2025/Datasets/Datasets/CULane) → [4000:5000] (1000 samples)
[INFO] (/home1/adoyle2025/Datasets/Datasets/Curvelanes) → [0:0] (0 samples)
[INFO] Total combined samples: 1000

Shift Testing:  33%|███▎      | 33/100 [17:22<33:19, 29.84s/it][RUN 33] MMD=0.029510 ❌
[INFO] Mixed Dataloader Configuration:
[INFO] (/home1/adoyle2025/Datasets/Datasets/CULane) → [4000:5000] (1000 samples)
[INFO] (/home1/adoyle2025/Datasets/Datasets/Curvelanes) → [0:0] (0 samples)
[INFO] Total combined samples: 1000

Shift Testing:  34%|███▍      | 34/100 [17:51<32:30, 29.56s/it][RUN 34] MMD=0.027275 ❌
[INFO] Mixed Dataloader Configuration:
[INFO] (/home1/adoyle2025/Datasets/Datasets/CULane) → [4000:5000] (1000 samples)
[INFO] (/home1/adoyle2025/Datasets/Datasets/Curvelanes) → [0:0] (0 samples)
[INFO] Total combined samples: 1000

Shift Testing:  35%|███▌      | 35/100 [18:20<31:46, 29.33s/it][RUN 35] MMD=0.029456 ❌
[INFO] Mixed Dataloader Configuration:
[INFO] (/home1/adoyle2025/Datasets/Datasets/CULane) → [4000:5000] (1000 samples)
[INFO] (/home1/adoyle2025/Datasets/Datasets/Curvelanes) → [0:0] (0 samples)
[INFO] Total combined samples: 1000

Shift Testing:  36%|███▌      | 36/100 [18:49<31:15, 29.30s/it][RUN 36] MMD=0.030142 ❌
[INFO] Mixed Dataloader Configuration:
[INFO] (/home1/adoyle2025/Datasets/Datasets/CULane) → [4000:5000] (1000 samples)
[INFO] (/home1/adoyle2025/Datasets/Datasets/Curvelanes) → [0:0] (0 samples)
[INFO] Total combined samples: 1000

Shift Testing:  37%|███▋      | 37/100 [19:18<30:25, 28.98s/it][RUN 37] MMD=0.028343 ❌
[INFO] Mixed Dataloader Configuration:
[INFO] (/home1/adoyle2025/Datasets/Datasets/CULane) → [4000:5000] (1000 samples)
[INFO] (/home1/adoyle2025/Datasets/Datasets/Curvelanes) → [0:0] (0 samples)
[INFO] Total combined samples: 1000

Shift Testing:  38%|███▊      | 38/100 [19:47<30:13, 29.26s/it][RUN 38] MMD=0.027904 ❌
[INFO] Mixed Dataloader Configuration:
[INFO] (/home1/adoyle2025/Datasets/Datasets/CULane) → [4000:5000] (1000 samples)
[INFO] (/home1/adoyle2025/Datasets/Datasets/Curvelanes) → [0:0] (0 samples)
[INFO] Total combined samples: 1000

Shift Testing:  39%|███▉      | 39/100 [20:16<29:37, 29.14s/it][RUN 39] MMD=0.030187 ❌
[INFO] Mixed Dataloader Configuration:
[INFO] (/home1/adoyle2025/Datasets/Datasets/CULane) → [4000:5000] (1000 samples)
[INFO] (/home1/adoyle2025/Datasets/Datasets/Curvelanes) → [0:0] (0 samples)
[INFO] Total combined samples: 1000

Shift Testing:  40%|████      | 40/100 [20:45<28:54, 28.91s/it][RUN 40] MMD=0.028074 ❌
[INFO] Mixed Dataloader Configuration:
[INFO] (/home1/adoyle2025/Datasets/Datasets/CULane) → [4000:5000] (1000 samples)
[INFO] (/home1/adoyle2025/Datasets/Datasets/Curvelanes) → [0:0] (0 samples)
[INFO] Total combined samples: 1000

Shift Testing:  41%|████      | 41/100 [21:14<28:23, 28.88s/it][RUN 41] MMD=0.030345 ❌
[INFO] Mixed Dataloader Configuration:
[INFO] (/home1/adoyle2025/Datasets/Datasets/CULane) → [4000:5000] (1000 samples)
[INFO] (/home1/adoyle2025/Datasets/Datasets/Curvelanes) → [0:0] (0 samples)
[INFO] Total combined samples: 1000

Shift Testing:  42%|████▏     | 42/100 [21:43<27:56, 28.91s/it][RUN 42] MMD=0.030303 ❌
[INFO] Mixed Dataloader Configuration:
[INFO] (/home1/adoyle2025/Datasets/Datasets/CULane) → [4000:5000] (1000 samples)
[INFO] (/home1/adoyle2025/Datasets/Datasets/Curvelanes) → [0:0] (0 samples)
[INFO] Total combined samples: 1000

Shift Testing:  43%|████▎     | 43/100 [22:11<27:23, 28.84s/it][RUN 43] MMD=0.029649 ❌
[INFO] Mixed Dataloader Configuration:
[INFO] (/home1/adoyle2025/Datasets/Datasets/CULane) → [4000:5000] (1000 samples)
[INFO] (/home1/adoyle2025/Datasets/Datasets/Curvelanes) → [0:0] (0 samples)
[INFO] Total combined samples: 1000

Shift Testing:  44%|████▍     | 44/100 [22:40<26:46, 28.69s/it][RUN 44] MMD=0.028929 ❌
[INFO] Mixed Dataloader Configuration:
[INFO] (/home1/adoyle2025/Datasets/Datasets/CULane) → [4000:5000] (1000 samples)
[INFO] (/home1/adoyle2025/Datasets/Datasets/Curvelanes) → [0:0] (0 samples)
[INFO] Total combined samples: 1000

Shift Testing:  45%|████▌     | 45/100 [23:08<26:09, 28.53s/it][RUN 45] MMD=0.029994 ❌
[INFO] Mixed Dataloader Configuration:
[INFO] (/home1/adoyle2025/Datasets/Datasets/CULane) → [4000:5000] (1000 samples)
[INFO] (/home1/adoyle2025/Datasets/Datasets/Curvelanes) → [0:0] (0 samples)
[INFO] Total combined samples: 1000

Shift Testing:  46%|████▌     | 46/100 [23:36<25:33, 28.40s/it][RUN 46] MMD=0.029121 ❌
[INFO] Mixed Dataloader Configuration:
[INFO] (/home1/adoyle2025/Datasets/Datasets/CULane) → [4000:5000] (1000 samples)
[INFO] (/home1/adoyle2025/Datasets/Datasets/Curvelanes) → [0:0] (0 samples)
[INFO] Total combined samples: 1000

Shift Testing:  47%|████▋     | 47/100 [24:04<25:04, 28.39s/it][RUN 47] MMD=0.030410 ❌
[INFO] Mixed Dataloader Configuration:
[INFO] (/home1/adoyle2025/Datasets/Datasets/CULane) → [4000:5000] (1000 samples)
[INFO] (/home1/adoyle2025/Datasets/Datasets/Curvelanes) → [0:0] (0 samples)
[INFO] Total combined samples: 1000

Shift Testing:  48%|████▊     | 48/100 [24:33<24:41, 28.50s/it][RUN 48] MMD=0.029205 ❌
[INFO] Mixed Dataloader Configuration:
[INFO] (/home1/adoyle2025/Datasets/Datasets/CULane) → [4000:5000] (1000 samples)
[INFO] (/home1/adoyle2025/Datasets/Datasets/Curvelanes) → [0:0] (0 samples)
[INFO] Total combined samples: 1000

Shift Testing:  49%|████▉     | 49/100 [25:01<24:08, 28.39s/it][RUN 49] MMD=0.029533 ❌
[INFO] Mixed Dataloader Configuration:
[INFO] (/home1/adoyle2025/Datasets/Datasets/CULane) → [4000:5000] (1000 samples)
[INFO] (/home1/adoyle2025/Datasets/Datasets/Curvelanes) → [0:0] (0 samples)
[INFO] Total combined samples: 1000

Shift Testing:  50%|█████     | 50/100 [25:29<23:35, 28.32s/it][RUN 50] MMD=0.027206 ❌
[INFO] Mixed Dataloader Configuration:
[INFO] (/home1/adoyle2025/Datasets/Datasets/CULane) → [4000:5000] (1000 samples)
[INFO] (/home1/adoyle2025/Datasets/Datasets/Curvelanes) → [0:0] (0 samples)
[INFO] Total combined samples: 1000

Shift Testing:  51%|█████     | 51/100 [26:00<23:44, 29.07s/it][RUN 51] MMD=0.028405 ❌
[INFO] Mixed Dataloader Configuration:
[INFO] (/home1/adoyle2025/Datasets/Datasets/CULane) → [4000:5000] (1000 samples)
[INFO] (/home1/adoyle2025/Datasets/Datasets/Curvelanes) → [0:0] (0 samples)
[INFO] Total combined samples: 1000

Shift Testing:  52%|█████▏    | 52/100 [26:29<23:08, 28.93s/it][RUN 52] MMD=0.030967 ❌
[INFO] Mixed Dataloader Configuration:
[INFO] (/home1/adoyle2025/Datasets/Datasets/CULane) → [4000:5000] (1000 samples)
[INFO] (/home1/adoyle2025/Datasets/Datasets/Curvelanes) → [0:0] (0 samples)
[INFO] Total combined samples: 1000

Shift Testing:  53%|█████▎    | 53/100 [27:00<23:12, 29.64s/it][RUN 53] MMD=0.029805 ❌
[INFO] Mixed Dataloader Configuration:
[INFO] (/home1/adoyle2025/Datasets/Datasets/CULane) → [4000:5000] (1000 samples)
[INFO] (/home1/adoyle2025/Datasets/Datasets/Curvelanes) → [0:0] (0 samples)
[INFO] Total combined samples: 1000

Shift Testing:  54%|█████▍    | 54/100 [27:32<23:20, 30.45s/it][RUN 54] MMD=0.030672 ❌
[INFO] Mixed Dataloader Configuration:
[INFO] (/home1/adoyle2025/Datasets/Datasets/CULane) → [4000:5000] (1000 samples)
[INFO] (/home1/adoyle2025/Datasets/Datasets/Curvelanes) → [0:0] (0 samples)
[INFO] Total combined samples: 1000

Shift Testing:  55%|█████▌    | 55/100 [28:04<23:07, 30.84s/it][RUN 55] MMD=0.029064 ❌
[INFO] Mixed Dataloader Configuration:
[INFO] (/home1/adoyle2025/Datasets/Datasets/CULane) → [4000:5000] (1000 samples)
[INFO] (/home1/adoyle2025/Datasets/Datasets/Curvelanes) → [0:0] (0 samples)
[INFO] Total combined samples: 1000

Shift Testing:  56%|█████▌    | 56/100 [28:34<22:20, 30.46s/it][RUN 56] MMD=0.027729 ❌
[INFO] Mixed Dataloader Configuration:
[INFO] (/home1/adoyle2025/Datasets/Datasets/CULane) → [4000:5000] (1000 samples)
[INFO] (/home1/adoyle2025/Datasets/Datasets/Curvelanes) → [0:0] (0 samples)
[INFO] Total combined samples: 1000

Shift Testing:  57%|█████▋    | 57/100 [29:03<21:34, 30.11s/it][RUN 57] MMD=0.029866 ❌
[INFO] Mixed Dataloader Configuration:
[INFO] (/home1/adoyle2025/Datasets/Datasets/CULane) → [4000:5000] (1000 samples)
[INFO] (/home1/adoyle2025/Datasets/Datasets/Curvelanes) → [0:0] (0 samples)
[INFO] Total combined samples: 1000

Shift Testing:  58%|█████▊    | 58/100 [29:32<20:54, 29.86s/it][RUN 58] MMD=0.029893 ❌
[INFO] Mixed Dataloader Configuration:
[INFO] (/home1/adoyle2025/Datasets/Datasets/CULane) → [4000:5000] (1000 samples)
[INFO] (/home1/adoyle2025/Datasets/Datasets/Curvelanes) → [0:0] (0 samples)
[INFO] Total combined samples: 1000

Shift Testing:  59%|█████▉    | 59/100 [30:01<20:10, 29.52s/it][RUN 59] MMD=0.028702 ❌
[INFO] Mixed Dataloader Configuration:
[INFO] (/home1/adoyle2025/Datasets/Datasets/CULane) → [4000:5000] (1000 samples)
[INFO] (/home1/adoyle2025/Datasets/Datasets/Curvelanes) → [0:0] (0 samples)
[INFO] Total combined samples: 1000

Shift Testing:  60%|██████    | 60/100 [30:30<19:37, 29.45s/it][RUN 60] MMD=0.030072 ❌
[INFO] Mixed Dataloader Configuration:
[INFO] (/home1/adoyle2025/Datasets/Datasets/CULane) → [4000:5000] (1000 samples)
[INFO] (/home1/adoyle2025/Datasets/Datasets/Curvelanes) → [0:0] (0 samples)
[INFO] Total combined samples: 1000

Shift Testing:  61%|██████    | 61/100 [31:00<19:07, 29.43s/it][RUN 61] MMD=0.029712 ❌
[INFO] Mixed Dataloader Configuration:
[INFO] (/home1/adoyle2025/Datasets/Datasets/CULane) → [4000:5000] (1000 samples)
[INFO] (/home1/adoyle2025/Datasets/Datasets/Curvelanes) → [0:0] (0 samples)
[INFO] Total combined samples: 1000

Shift Testing:  62%|██████▏   | 62/100 [31:28<18:31, 29.25s/it][RUN 62] MMD=0.028156 ❌
[INFO] Mixed Dataloader Configuration:
[INFO] (/home1/adoyle2025/Datasets/Datasets/CULane) → [4000:5000] (1000 samples)
[INFO] (/home1/adoyle2025/Datasets/Datasets/Curvelanes) → [0:0] (0 samples)
[INFO] Total combined samples: 1000

Shift Testing:  63%|██████▎   | 63/100 [31:57<17:54, 29.04s/it][RUN 63] MMD=0.028962 ❌
[INFO] Mixed Dataloader Configuration:
[INFO] (/home1/adoyle2025/Datasets/Datasets/CULane) → [4000:5000] (1000 samples)
[INFO] (/home1/adoyle2025/Datasets/Datasets/Curvelanes) → [0:0] (0 samples)
[INFO] Total combined samples: 1000

Shift Testing:  64%|██████▍   | 64/100 [32:26<17:23, 28.97s/it][RUN 64] MMD=0.029576 ❌
[INFO] Mixed Dataloader Configuration:
[INFO] (/home1/adoyle2025/Datasets/Datasets/CULane) → [4000:5000] (1000 samples)
[INFO] (/home1/adoyle2025/Datasets/Datasets/Curvelanes) → [0:0] (0 samples)
[INFO] Total combined samples: 1000

Shift Testing:  65%|██████▌   | 65/100 [32:54<16:47, 28.80s/it][RUN 65] MMD=0.029372 ❌
[INFO] Mixed Dataloader Configuration:
[INFO] (/home1/adoyle2025/Datasets/Datasets/CULane) → [4000:5000] (1000 samples)
[INFO] (/home1/adoyle2025/Datasets/Datasets/Curvelanes) → [0:0] (0 samples)
[INFO] Total combined samples: 1000

Shift Testing:  66%|██████▌   | 66/100 [33:22<16:06, 28.43s/it][RUN 66] MMD=0.028968 ❌
[INFO] Mixed Dataloader Configuration:
[INFO] (/home1/adoyle2025/Datasets/Datasets/CULane) → [4000:5000] (1000 samples)
[INFO] (/home1/adoyle2025/Datasets/Datasets/Curvelanes) → [0:0] (0 samples)
[INFO] Total combined samples: 1000

Shift Testing:  67%|██████▋   | 67/100 [33:51<15:43, 28.59s/it][RUN 67] MMD=0.028970 ❌
[INFO] Mixed Dataloader Configuration:
[INFO] (/home1/adoyle2025/Datasets/Datasets/CULane) → [4000:5000] (1000 samples)
[INFO] (/home1/adoyle2025/Datasets/Datasets/Curvelanes) → [0:0] (0 samples)
[INFO] Total combined samples: 1000

Shift Testing:  68%|██████▊   | 68/100 [34:19<15:15, 28.60s/it][RUN 68] MMD=0.028457 ❌
[INFO] Mixed Dataloader Configuration:
[INFO] (/home1/adoyle2025/Datasets/Datasets/CULane) → [4000:5000] (1000 samples)
[INFO] (/home1/adoyle2025/Datasets/Datasets/Curvelanes) → [0:0] (0 samples)
[INFO] Total combined samples: 1000

Shift Testing:  69%|██████▉   | 69/100 [34:47<14:40, 28.40s/it][RUN 69] MMD=0.028219 ❌
[INFO] Mixed Dataloader Configuration:
[INFO] (/home1/adoyle2025/Datasets/Datasets/CULane) → [4000:5000] (1000 samples)
[INFO] (/home1/adoyle2025/Datasets/Datasets/Curvelanes) → [0:0] (0 samples)
[INFO] Total combined samples: 1000

Shift Testing:  70%|███████   | 70/100 [35:16<14:10, 28.36s/it][RUN 70] MMD=0.028266 ❌
[INFO] Mixed Dataloader Configuration:
[INFO] (/home1/adoyle2025/Datasets/Datasets/CULane) → [4000:5000] (1000 samples)
[INFO] (/home1/adoyle2025/Datasets/Datasets/Curvelanes) → [0:0] (0 samples)
[INFO] Total combined samples: 1000

Shift Testing:  71%|███████   | 71/100 [35:43<13:38, 28.23s/it][RUN 71] MMD=0.029310 ❌
[INFO] Mixed Dataloader Configuration:
[INFO] (/home1/adoyle2025/Datasets/Datasets/CULane) → [4000:5000] (1000 samples)
[INFO] (/home1/adoyle2025/Datasets/Datasets/Curvelanes) → [0:0] (0 samples)
[INFO] Total combined samples: 1000

Shift Testing:  72%|███████▏  | 72/100 [36:11<13:06, 28.09s/it][RUN 72] MMD=0.028592 ❌
[INFO] Mixed Dataloader Configuration:
[INFO] (/home1/adoyle2025/Datasets/Datasets/CULane) → [4000:5000] (1000 samples)
[INFO] (/home1/adoyle2025/Datasets/Datasets/Curvelanes) → [0:0] (0 samples)
[INFO] Total combined samples: 1000

Shift Testing:  73%|███████▎  | 73/100 [36:39<12:36, 28.03s/it][RUN 73] MMD=0.029155 ❌
[INFO] Mixed Dataloader Configuration:
[INFO] (/home1/adoyle2025/Datasets/Datasets/CULane) → [4000:5000] (1000 samples)
[INFO] (/home1/adoyle2025/Datasets/Datasets/Curvelanes) → [0:0] (0 samples)
[INFO] Total combined samples: 1000

Shift Testing:  74%|███████▍  | 74/100 [37:06<12:02, 27.78s/it][RUN 74] MMD=0.029764 ❌
[INFO] Mixed Dataloader Configuration:
[INFO] (/home1/adoyle2025/Datasets/Datasets/CULane) → [4000:5000] (1000 samples)
[INFO] (/home1/adoyle2025/Datasets/Datasets/Curvelanes) → [0:0] (0 samples)
[INFO] Total combined samples: 1000

Shift Testing:  75%|███████▌  | 75/100 [37:34<11:34, 27.76s/it][RUN 75] MMD=0.029354 ❌
[INFO] Mixed Dataloader Configuration:
[INFO] (/home1/adoyle2025/Datasets/Datasets/CULane) → [4000:5000] (1000 samples)
[INFO] (/home1/adoyle2025/Datasets/Datasets/Curvelanes) → [0:0] (0 samples)
[INFO] Total combined samples: 1000

Shift Testing:  76%|███████▌  | 76/100 [38:02<11:08, 27.86s/it][RUN 76] MMD=0.028415 ❌
[INFO] Mixed Dataloader Configuration:
[INFO] (/home1/adoyle2025/Datasets/Datasets/CULane) → [4000:5000] (1000 samples)
[INFO] (/home1/adoyle2025/Datasets/Datasets/Curvelanes) → [0:0] (0 samples)
[INFO] Total combined samples: 1000

Shift Testing:  77%|███████▋  | 77/100 [38:29<10:35, 27.61s/it][RUN 77] MMD=0.028666 ❌
[INFO] Mixed Dataloader Configuration:
[INFO] (/home1/adoyle2025/Datasets/Datasets/CULane) → [4000:5000] (1000 samples)
[INFO] (/home1/adoyle2025/Datasets/Datasets/Curvelanes) → [0:0] (0 samples)
[INFO] Total combined samples: 1000

Shift Testing:  78%|███████▊  | 78/100 [38:57<10:08, 27.66s/it][RUN 78] MMD=0.029675 ❌
[INFO] Mixed Dataloader Configuration:
[INFO] (/home1/adoyle2025/Datasets/Datasets/CULane) → [4000:5000] (1000 samples)
[INFO] (/home1/adoyle2025/Datasets/Datasets/Curvelanes) → [0:0] (0 samples)
[INFO] Total combined samples: 1000

Shift Testing:  79%|███████▉  | 79/100 [39:24<09:39, 27.57s/it][RUN 79] MMD=0.029954 ❌
[INFO] Mixed Dataloader Configuration:
[INFO] (/home1/adoyle2025/Datasets/Datasets/CULane) → [4000:5000] (1000 samples)
[INFO] (/home1/adoyle2025/Datasets/Datasets/Curvelanes) → [0:0] (0 samples)
[INFO] Total combined samples: 1000

Shift Testing:  80%|████████  | 80/100 [39:52<09:11, 27.57s/it][RUN 80] MMD=0.030320 ❌
[INFO] Mixed Dataloader Configuration:
[INFO] (/home1/adoyle2025/Datasets/Datasets/CULane) → [4000:5000] (1000 samples)
[INFO] (/home1/adoyle2025/Datasets/Datasets/Curvelanes) → [0:0] (0 samples)
[INFO] Total combined samples: 1000

Shift Testing:  81%|████████  | 81/100 [40:19<08:41, 27.44s/it][RUN 81] MMD=0.029440 ❌
[INFO] Mixed Dataloader Configuration:
[INFO] (/home1/adoyle2025/Datasets/Datasets/CULane) → [4000:5000] (1000 samples)
[INFO] (/home1/adoyle2025/Datasets/Datasets/Curvelanes) → [0:0] (0 samples)
[INFO] Total combined samples: 1000

Shift Testing:  82%|████████▏ | 82/100 [40:46<08:11, 27.32s/it][RUN 82] MMD=0.028920 ❌
[INFO] Mixed Dataloader Configuration:
[INFO] (/home1/adoyle2025/Datasets/Datasets/CULane) → [4000:5000] (1000 samples)
[INFO] (/home1/adoyle2025/Datasets/Datasets/Curvelanes) → [0:0] (0 samples)
[INFO] Total combined samples: 1000

Shift Testing:  83%|████████▎ | 83/100 [41:13<07:41, 27.13s/it][RUN 83] MMD=0.028926 ❌
[INFO] Mixed Dataloader Configuration:
[INFO] (/home1/adoyle2025/Datasets/Datasets/CULane) → [4000:5000] (1000 samples)
[INFO] (/home1/adoyle2025/Datasets/Datasets/Curvelanes) → [0:0] (0 samples)
[INFO] Total combined samples: 1000

Shift Testing:  84%|████████▍ | 84/100 [41:40<07:13, 27.08s/it][RUN 84] MMD=0.028952 ❌
[INFO] Mixed Dataloader Configuration:
[INFO] (/home1/adoyle2025/Datasets/Datasets/CULane) → [4000:5000] (1000 samples)
[INFO] (/home1/adoyle2025/Datasets/Datasets/Curvelanes) → [0:0] (0 samples)
[INFO] Total combined samples: 1000

Shift Testing:  85%|████████▌ | 85/100 [42:06<06:44, 26.93s/it][RUN 85] MMD=0.029862 ❌
[INFO] Mixed Dataloader Configuration:
[INFO] (/home1/adoyle2025/Datasets/Datasets/CULane) → [4000:5000] (1000 samples)
[INFO] (/home1/adoyle2025/Datasets/Datasets/Curvelanes) → [0:0] (0 samples)
[INFO] Total combined samples: 1000

Shift Testing:  86%|████████▌ | 86/100 [42:33<06:15, 26.83s/it][RUN 86] MMD=0.029199 ❌
[INFO] Mixed Dataloader Configuration:
[INFO] (/home1/adoyle2025/Datasets/Datasets/CULane) → [4000:5000] (1000 samples)
[INFO] (/home1/adoyle2025/Datasets/Datasets/Curvelanes) → [0:0] (0 samples)
[INFO] Total combined samples: 1000

Shift Testing:  87%|████████▋ | 87/100 [42:59<05:47, 26.71s/it][RUN 87] MMD=0.029616 ❌
[INFO] Mixed Dataloader Configuration:
[INFO] (/home1/adoyle2025/Datasets/Datasets/CULane) → [4000:5000] (1000 samples)
[INFO] (/home1/adoyle2025/Datasets/Datasets/Curvelanes) → [0:0] (0 samples)
[INFO] Total combined samples: 1000

Shift Testing:  88%|████████▊ | 88/100 [43:26<05:21, 26.76s/it][RUN 88] MMD=0.028477 ❌
[INFO] Mixed Dataloader Configuration:
[INFO] (/home1/adoyle2025/Datasets/Datasets/CULane) → [4000:5000] (1000 samples)
[INFO] (/home1/adoyle2025/Datasets/Datasets/Curvelanes) → [0:0] (0 samples)
[INFO] Total combined samples: 1000

Shift Testing:  89%|████████▉ | 89/100 [43:54<04:56, 26.98s/it][RUN 89] MMD=0.029492 ❌
[INFO] Mixed Dataloader Configuration:
[INFO] (/home1/adoyle2025/Datasets/Datasets/CULane) → [4000:5000] (1000 samples)
[INFO] (/home1/adoyle2025/Datasets/Datasets/Curvelanes) → [0:0] (0 samples)
[INFO] Total combined samples: 1000

Shift Testing:  90%|█████████ | 90/100 [44:20<04:28, 26.84s/it][RUN 90] MMD=0.027778 ❌
[INFO] Mixed Dataloader Configuration:
[INFO] (/home1/adoyle2025/Datasets/Datasets/CULane) → [4000:5000] (1000 samples)
[INFO] (/home1/adoyle2025/Datasets/Datasets/Curvelanes) → [0:0] (0 samples)
[INFO] Total combined samples: 1000

Shift Testing:  91%|█████████ | 91/100 [44:46<03:59, 26.56s/it][RUN 91] MMD=0.029104 ❌
[INFO] Mixed Dataloader Configuration:
[INFO] (/home1/adoyle2025/Datasets/Datasets/CULane) → [4000:5000] (1000 samples)
[INFO] (/home1/adoyle2025/Datasets/Datasets/Curvelanes) → [0:0] (0 samples)
[INFO] Total combined samples: 1000

Shift Testing:  92%|█████████▏| 92/100 [45:13<03:32, 26.55s/it][RUN 92] MMD=0.029049 ❌
[INFO] Mixed Dataloader Configuration:
[INFO] (/home1/adoyle2025/Datasets/Datasets/CULane) → [4000:5000] (1000 samples)
[INFO] (/home1/adoyle2025/Datasets/Datasets/Curvelanes) → [0:0] (0 samples)
[INFO] Total combined samples: 1000

Shift Testing:  93%|█████████▎| 93/100 [45:39<03:05, 26.46s/it][RUN 93] MMD=0.029467 ❌
[INFO] Mixed Dataloader Configuration:
[INFO] (/home1/adoyle2025/Datasets/Datasets/CULane) → [4000:5000] (1000 samples)
[INFO] (/home1/adoyle2025/Datasets/Datasets/Curvelanes) → [0:0] (0 samples)
[INFO] Total combined samples: 1000

Shift Testing:  94%|█████████▍| 94/100 [46:05<02:38, 26.35s/it][RUN 94] MMD=0.029900 ❌
[INFO] Mixed Dataloader Configuration:
[INFO] (/home1/adoyle2025/Datasets/Datasets/CULane) → [4000:5000] (1000 samples)
[INFO] (/home1/adoyle2025/Datasets/Datasets/Curvelanes) → [0:0] (0 samples)
[INFO] Total combined samples: 1000

Shift Testing:  95%|█████████▌| 95/100 [46:31<02:10, 26.16s/it][RUN 95] MMD=0.028864 ❌
[INFO] Mixed Dataloader Configuration:
[INFO] (/home1/adoyle2025/Datasets/Datasets/CULane) → [4000:5000] (1000 samples)
[INFO] (/home1/adoyle2025/Datasets/Datasets/Curvelanes) → [0:0] (0 samples)
[INFO] Total combined samples: 1000

Shift Testing:  96%|█████████▌| 96/100 [46:57<01:44, 26.23s/it][RUN 96] MMD=0.026837 ❌
[INFO] Mixed Dataloader Configuration:
[INFO] (/home1/adoyle2025/Datasets/Datasets/CULane) → [4000:5000] (1000 samples)
[INFO] (/home1/adoyle2025/Datasets/Datasets/Curvelanes) → [0:0] (0 samples)
[INFO] Total combined samples: 1000

Shift Testing:  97%|█████████▋| 97/100 [47:23<01:18, 26.16s/it][RUN 97] MMD=0.029094 ❌
[INFO] Mixed Dataloader Configuration:
[INFO] (/home1/adoyle2025/Datasets/Datasets/CULane) → [4000:5000] (1000 samples)
[INFO] (/home1/adoyle2025/Datasets/Datasets/Curvelanes) → [0:0] (0 samples)
[INFO] Total combined samples: 1000

Shift Testing:  98%|█████████▊| 98/100 [47:49<00:52, 26.25s/it][RUN 98] MMD=0.029270 ❌
[INFO] Mixed Dataloader Configuration:
[INFO] (/home1/adoyle2025/Datasets/Datasets/CULane) → [4000:5000] (1000 samples)
[INFO] (/home1/adoyle2025/Datasets/Datasets/Curvelanes) → [0:0] (0 samples)
[INFO] Total combined samples: 1000

Shift Testing:  99%|█████████▉| 99/100 [48:15<00:26, 26.12s/it][RUN 99] MMD=0.029877 ❌
[INFO] Mixed Dataloader Configuration:
[INFO] (/home1/adoyle2025/Datasets/Datasets/CULane) → [4000:5000] (1000 samples)
[INFO] (/home1/adoyle2025/Datasets/Datasets/Curvelanes) → [0:0] (0 samples)
[INFO] Total combined samples: 1000

Shift Testing: 100%|██████████| 100/100 [48:41<00:00, 25.92s/it]
Shift Testing: 100%|██████████| 100/100 [48:41<00:00, 29.21s/it]
[RUN 100] MMD=0.028387 ❌

[RESULTS] Data Shift detection summary
Noise Applied: None
Average MMD: 0.029175 ± 0.000797
TPR (true positive rate) over 100 runs: 0.00%
[Data Logger] Added new experiment. Total experiments: 1
----------------------------------------------------
Job finished: Thu Jan 29 12:40:57 AM EST 2026
----------------------------------------------------
