----------------------------------------------------
Slurm Job ID: 158352
Running on host: node01
Start Time: Wed Feb  4 10:42:25 AM EST 2026
----------------------------------------------------
Initializing conda for script...
Conda environment activated and isolated:

# conda environments:
#
# * -> active
# + -> frozen
base                     /home1/adoyle2025/miniconda3
clrernet                 /home1/adoyle2025/miniconda3/envs/clrernet
distribution_shift_perception     /home1/adoyle2025/miniconda3/envs/distribution_shift_perception
dslp_env                 /home1/adoyle2025/miniconda3/envs/dslp_env
lane_env_cpu             /home1/adoyle2025/miniconda3/envs/lane_env_cpu
lane_perception_test     /home1/adoyle2025/miniconda3/envs/lane_perception_test
ml_project           *   /home1/adoyle2025/miniconda3/envs/ml_project
test_env                 /home1/adoyle2025/miniconda3/envs/test_env
tf_a100                  /home1/adoyle2025/miniconda3/envs/tf_a100

Starting Unit Test...
============================================================
EXPERIMENT VISUALIZER: thousand32d
============================================================
Log path: LocalBash/32dimension/thousand32d/
Pattern: 32TH*.log
Output dir: results

Found 11 log files:
  - 32TH1.log
  - 32TH10.log
  - 32TH11.log
  - 32TH2.log
  - 32TH3.log
  - 32TH4.log
  - 32TH5.log
  - 32TH6.log
  - 32TH7.log
  - 32TH8.log
  - 32TH9.log

Processing files:
[Exp  1] ✓ (Src=1000, Tgt=0, TPR=0.0%)
[Exp 10] ✓ (Src=100, Tgt=900, TPR=100.0%)
[Exp 11] ✓ (Src=0, Tgt=1000, TPR=100.0%)
[Exp  2] ✓ (Src=900, Tgt=100, TPR=0.0%)
[Exp  3] ✓ (Src=800, Tgt=200, TPR=19.0%)
[Exp  4] ✓ (Src=700, Tgt=300, TPR=0.0%)
[Exp  5] ✓ (Src=600, Tgt=400, TPR=0.0%)
[Exp  6] ✓ (Src=500, Tgt=500, TPR=0.0%)
[Exp  7] ✓ (Src=400, Tgt=600, TPR=100.0%)
[Exp  8] ✓ (Src=300, Tgt=700, TPR=100.0%)
[Exp  9] ✓ (Src=200, Tgt=800, TPR=100.0%)

✓ Successfully loaded 11 experiments
✓ Processing 11 experiments


✓ Saved to: results/thousand32d_1770219749.png

Mapping (Sequential → Experiment):
   1 → Exp 1 (ratio: 0.00)
   2 → Exp 2 (ratio: 0.11)
   3 → Exp 3 (ratio: 0.25)
   4 → Exp 4 (ratio: 0.43)
   5 → Exp 5 (ratio: 0.67)
   6 → Exp 6 (ratio: 1.00)
   7 → Exp 7 (ratio: 1.50)
   8 → Exp 8 (ratio: 2.33)
   9 → Exp 9 (ratio: 4.00)
  10 → Exp10 (ratio: 9.00)
  11 → Exp11 (ratio: ∞)

============================================================
✓ Complete!
============================================================
Done!
