----------------------------------------------------
Slurm Job ID: 157916
Running on host: node01
Start Time: Sun Feb  1 03:55:26 PM EST 2026
----------------------------------------------------
Initializing conda for script...
Conda environment activated and isolated:

# conda environments:
#
# * -> active
# + -> frozen
base                     /home1/adoyle2025/miniconda3
clrernet                 /home1/adoyle2025/miniconda3/envs/clrernet
distribution_shift_perception     /home1/adoyle2025/miniconda3/envs/distribution_shift_perception
dslp_env                 /home1/adoyle2025/miniconda3/envs/dslp_env
lane_env_cpu             /home1/adoyle2025/miniconda3/envs/lane_env_cpu
lane_perception_test     /home1/adoyle2025/miniconda3/envs/lane_perception_test
ml_project           *   /home1/adoyle2025/miniconda3/envs/ml_project
test_env                 /home1/adoyle2025/miniconda3/envs/test_env
tf_a100                  /home1/adoyle2025/miniconda3/envs/tf_a100

Starting Unit Test...
