----------------------------------------------------
Slurm Job ID: 155672
Running on host: node01
Start Time: Thu Jan 29 03:12:15 PM EST 2026
----------------------------------------------------
Initializing conda for script...
Conda environment activated and isolated:

# conda environments:
#
# * -> active
# + -> frozen
base                     /home1/adoyle2025/miniconda3
clrernet                 /home1/adoyle2025/miniconda3/envs/clrernet
distribution_shift_perception     /home1/adoyle2025/miniconda3/envs/distribution_shift_perception
dslp_env                 /home1/adoyle2025/miniconda3/envs/dslp_env
lane_env_cpu             /home1/adoyle2025/miniconda3/envs/lane_env_cpu
lane_perception_test     /home1/adoyle2025/miniconda3/envs/lane_perception_test
ml_project           *   /home1/adoyle2025/miniconda3/envs/ml_project
test_env                 /home1/adoyle2025/miniconda3/envs/test_env
tf_a100                  /home1/adoyle2025/miniconda3/envs/tf_a100

Starting Unit Test...
============================================================
MIXED SHIFT EXPERIMENT VISUALIZER (MINI)
============================================================

Found 11 CSE*_mini.log files:
  - CSE1_mini.log
  - CSE2_mini.log
  - CSE3_mini.log
  - CSE4_mini.log
  - CSE5_mini.log
  - CSE6_mini.log
  - CSE7_mini.log
  - CSE8_mini.log
  - CSE9_mini.log
  - CSE10_mini.log
  - CSE11_mini.log

Processing files:
[CSE 1] ✓ (Src=100, Tgt=0, TPR=0.0%)
[CSE 2] ✓ (Src=90, Tgt=10, TPR=0.0%)
[CSE 3] ✓ (Src=80, Tgt=20, TPR=0.0%)
[CSE 4] ✓ (Src=70, Tgt=30, TPR=0.0%)
[CSE 5] ✓ (Src=60, Tgt=40, TPR=1.0%)
[CSE 6] ✓ (Src=50, Tgt=50, TPR=44.0%)
[CSE 7] ✓ (Src=40, Tgt=60, TPR=48.0%)
[CSE 8] ✓ (Src=30, Tgt=70, TPR=100.0%)
[CSE 9] ✓ (Src=20, Tgt=80, TPR=100.0%)
[CSE10] ✓ (Src=10, Tgt=90, TPR=100.0%)
[CSE11] ✓ (Src=0, Tgt=100, TPR=100.0%)

✓ Successfully loaded 11 experiments: CSE[1, 2, 3, 4, 5, 6, 7, 8, 9, 10, 11]
✓ Processing 11 experiments


✓ Saved to: figures/mixed_shift_experiments_mini_analysis.png

Mapping (Sequential → CSE):
   1 → CSE 1 (ratio: 0.00)
   2 → CSE 2 (ratio: 0.11)
   3 → CSE 3 (ratio: 0.25)
   4 → CSE 4 (ratio: 0.43)
   5 → CSE 5 (ratio: 0.67)
   6 → CSE 6 (ratio: 1.00)
   7 → CSE 7 (ratio: 1.50)
   8 → CSE 8 (ratio: 2.33)
   9 → CSE 9 (ratio: 4.00)
  10 → CSE10 (ratio: 9.00)
  11 → CSE11 (ratio: ∞)

============================================================
✓ Complete!
============================================================
Done!
