----------------------------------------------------
Slurm Job ID: 156118
Running on host: node01
Start Time: Fri Jan 30 10:56:00 AM EST 2026
----------------------------------------------------
Initializing conda for script...
Conda environment activated and isolated:

# conda environments:
#
# * -> active
# + -> frozen
base                     /home1/adoyle2025/miniconda3
clrernet                 /home1/adoyle2025/miniconda3/envs/clrernet
distribution_shift_perception     /home1/adoyle2025/miniconda3/envs/distribution_shift_perception
dslp_env                 /home1/adoyle2025/miniconda3/envs/dslp_env
lane_env_cpu             /home1/adoyle2025/miniconda3/envs/lane_env_cpu
lane_perception_test     /home1/adoyle2025/miniconda3/envs/lane_perception_test
ml_project           *   /home1/adoyle2025/miniconda3/envs/ml_project
test_env                 /home1/adoyle2025/miniconda3/envs/test_env
tf_a100                  /home1/adoyle2025/miniconda3/envs/tf_a100

Starting Unit Test...
============================================================
MIXED SHIFT EXPERIMENT VISUALIZER (ADDITIVE TARGET)
============================================================

Found 16 AT*.log files:
  - AT1.log
  - AT2.log
  - AT3.log
  - AT4.log
  - AT5.log
  - AT6.log
  - AT7.log
  - AT8.log
  - AT9.log
  - AT10.log
  - AT11.log
  - AT12.log
  - AT13.log
  - AT14.log
  - AT15.log
  - AT16.log

Processing files:
[AT 1] ✓ (Src=1000, Tgt=0, TPR=0.0%)
[AT 2] ✓ (Src=1000, Tgt=100, TPR=0.0%)
[AT 3] ✓ (Src=1000, Tgt=200, TPR=0.0%)
[AT 4] ✓ (Src=1000, Tgt=300, TPR=0.0%)
[AT 5] ✓ (Src=1000, Tgt=400, TPR=0.0%)
[AT 6] ✓ (Src=1000, Tgt=500, TPR=0.0%)
[AT 7] ✓ (Src=1000, Tgt=600, TPR=0.0%)
[AT 8] ✓ (Src=1000, Tgt=700, TPR=0.0%)
[AT 9] ✓ (Src=1000, Tgt=800, TPR=0.0%)
[AT10] ✓ (Src=1000, Tgt=900, TPR=100.0%)
[AT11] ✓ (Src=1000, Tgt=1000, TPR=0.0%)
[AT12] ✓ (Src=1000, Tgt=1100, TPR=0.0%)
[AT13] ✓ (Src=1000, Tgt=1200, TPR=100.0%)
[AT14] ✓ (Src=1000, Tgt=1300, TPR=100.0%)
[AT15] ✓ (Src=1000, Tgt=1400, TPR=100.0%)
[AT16] ✓ (Src=1000, Tgt=1500, TPR=3.0%)

✓ Successfully loaded 16 experiments: AT[1, 2, 3, 4, 5, 6, 7, 8, 9, 10, 11, 12, 13, 14, 15, 16]
✓ Processing 16 experiments


✓ Saved to: figures/mixed_shift_experiments_additiveTgt_analysis.png

Mapping (Sequential → AT):
   1 → AT 1 (ratio: 0.00)
   2 → AT 2 (ratio: 0.10)
   3 → AT 3 (ratio: 0.20)
   4 → AT 4 (ratio: 0.30)
   5 → AT 5 (ratio: 0.40)
   6 → AT 6 (ratio: 0.50)
   7 → AT 7 (ratio: 0.60)
   8 → AT 8 (ratio: 0.70)
   9 → AT 9 (ratio: 0.80)
  10 → AT10 (ratio: 0.90)
  11 → AT11 (ratio: 1.00)
  12 → AT12 (ratio: 1.10)
  13 → AT13 (ratio: 1.20)
  14 → AT14 (ratio: 1.30)
  15 → AT15 (ratio: 1.40)
  16 → AT16 (ratio: 1.50)

============================================================
✓ Complete!
============================================================
Done!
