----------------------------------------------------
Slurm Job ID: 137163
Running on host: gpu05
Start Time: Thu Nov 13 06:48:25 PM EST 2025
----------------------------------------------------

Initializing autoencoder...
[INFO] Loaded source features → features/Curvelanes_train_1000_0.npy

[STEP] Calibration: same-domain (no shift)

[RESULT] τ(0.95) = 0.657600
[RESULT] Mean MMD (no shift): 0.650055 ± 0.005446

[STEP] Sanity Check: CULane→CULane
[INFO] Curvelanes (train) → Random 100 samples (seed=43)

[CHECK] MMD(CULane→CULane) = 0.653591, τ = 0.657600
✅ No shift detected (expected same-domain match).

[STEP] Cross-domain test: CULane → Curvelanes using same τ

[INFO] CULane (train) → Random 100 samples (seed=142)

[RUN 001] MMD=0.675811 ✅

[RESULTS] Cross-domain detection summary
Average MMD: 0.675811 ± 0.000000
TPR (true positive rate) over 1 runs: 100.00%

[STEP] Shifted-Data test: CULane → Shifted CULane using same τ

[STEP] Shifted-Data test: DataShift: (Type: ShiftTypes.GAUSSIAN, Amount: 1)

[INFO] Curvelanes (train) → Random 100 samples (seed=142)

[RUN 001] MMD=0.644552 ❌

[RESULTS] Shifted-Data detection summary
    Shifted-Data test: DataShift: (Type: ShiftTypes.GAUSSIAN, Amount: 1)
    Average MMD: 0.644552 ± 0.000000
    TPR (true positive rate) over 1 runs: 0.00%

[STEP] Shifted-Data test: DataShift: (Type: ShiftTypes.GAUSSIAN, Amount: 10)

[INFO] Curvelanes (train) → Random 100 samples (seed=142)

[RUN 001] MMD=0.644552 ❌

[RESULTS] Shifted-Data detection summary
    Shifted-Data test: DataShift: (Type: ShiftTypes.GAUSSIAN, Amount: 10)
    Average MMD: 0.644552 ± 0.000000
    TPR (true positive rate) over 1 runs: 0.00%

[STEP] Shifted-Data test: DataShift: (Type: ShiftTypes.GAUSSIAN, Amount: 100)

[INFO] Curvelanes (train) → Random 100 samples (seed=142)

[RUN 001] MMD=0.644552 ❌

[RESULTS] Shifted-Data detection summary
    Shifted-Data test: DataShift: (Type: ShiftTypes.GAUSSIAN, Amount: 100)
    Average MMD: 0.644552 ± 0.000000
    TPR (true positive rate) over 1 runs: 0.00%
