----------------------------------------------------
Slurm Job ID: 158128
Running on host: gpu06
Start Time: Mon Feb  2 04:12:39 PM EST 2026
----------------------------------------------------
Initializing conda for script...
Conda environment activated and isolated:

# conda environments:
#
# * -> active
# + -> frozen
base                     /home1/adoyle2025/miniconda3
clrernet                 /home1/adoyle2025/miniconda3/envs/clrernet
distribution_shift_perception     /home1/adoyle2025/miniconda3/envs/distribution_shift_perception
dslp_env                 /home1/adoyle2025/miniconda3/envs/dslp_env
lane_env_cpu             /home1/adoyle2025/miniconda3/envs/lane_env_cpu
lane_perception_test     /home1/adoyle2025/miniconda3/envs/lane_perception_test
ml_project           *   /home1/adoyle2025/miniconda3/envs/ml_project
test_env                 /home1/adoyle2025/miniconda3/envs/test_env
tf_a100                  /home1/adoyle2025/miniconda3/envs/tf_a100

Starting Unit Test...
[Data Logger] File not found. Creating new file at logs/noBatchSize.json
CUDA Available: True | Total GPUs Found: 4

Initializing autoencoder on 4 GPUs...
Successfully initialized DataParallel on GPUs: 0, 1, 2, 3
[INFO] (/home1/adoyle2025/Datasets/Datasets/CULane) → [40:50] (10 samples)
Traceback (most recent call last):
  File "/home1/adoyle2025/Distribution-Shift-Lane-Perception/shift_concat_experiment.py", line 504, in <module>
    ShiftExperiment(**vars(args)).run()
  File "/home1/adoyle2025/Distribution-Shift-Lane-Perception/shift_concat_experiment.py", line 430, in run
    self.load_source_features()
  File "/home1/adoyle2025/Distribution-Shift-Lane-Perception/shift_concat_experiment.py", line 208, in load_source_features
    loaderReturn = get_dataloader(
  File "/home1/adoyle2025/Distribution-Shift-Lane-Perception/data/data_builder.py", line 236, in get_dataloader
    DataLoader(
  File "/home1/adoyle2025/miniconda3/envs/ml_project/lib/python3.10/site-packages/torch/utils/data/dataloader.py", line 394, in __init__
    batch_sampler = BatchSampler(sampler, batch_size, drop_last)
  File "/home1/adoyle2025/miniconda3/envs/ml_project/lib/python3.10/site-packages/torch/utils/data/sampler.py", line 335, in __init__
    raise ValueError(
ValueError: batch_size should be a positive integer value, but got batch_size=0
----------------------------------------------------
Job finished: Mon Feb  2 04:13:01 PM EST 2026
----------------------------------------------------
