----------------------------------------------------
Slurm Job ID: 161709
Running on host: node02
Start Time: Sat Feb 14 12:56:52 AM EST 2026
----------------------------------------------------
Initializing conda for script...
Conda environment activated and isolated:

# conda environments:
#
# * -> active
# + -> frozen
base                     /home1/adoyle2025/miniconda3
clrernet                 /home1/adoyle2025/miniconda3/envs/clrernet
distribution_shift_perception     /home1/adoyle2025/miniconda3/envs/distribution_shift_perception
dslp_env                 /home1/adoyle2025/miniconda3/envs/dslp_env
lane_env_cpu             /home1/adoyle2025/miniconda3/envs/lane_env_cpu
lane_perception_test     /home1/adoyle2025/miniconda3/envs/lane_perception_test
ml_project           *   /home1/adoyle2025/miniconda3/envs/ml_project
test_env                 /home1/adoyle2025/miniconda3/envs/test_env
tf_a100                  /home1/adoyle2025/miniconda3/envs/tf_a100

Starting Unit Test...
✓ Generated: RemoveExtraLayer_ten32d
✓ Generated: RemoveExtraLayer_thousand32d
✓ Generated: RemoveExtraLayer_hundred32d
✓ Generated: RemoveExtraLayer_thousand128d
✓ Generated: RemoveExtraLayer_thousand64d
✓ Generated: RemoveExtraLayer_hundred64d
✓ Generated: RemoveExtraLayer_ten64d
✓ Generated: RemoveExtraLayer_ten128d
✓ Generated: RemoveExtraLayer_hundred128d
✓ Generated: GraduallyDecreaseDimensions_ten32d
✓ Generated: GraduallyDecreaseDimensions_thousand64d
✓ Generated: GraduallyDecreaseDimensions_hundred64d
✓ Generated: GraduallyDecreaseDimensions_thousand128d
✓ Generated: GraduallyDecreaseDimensions_hundred128d
✓ Generated: GraduallyDecreaseDimensions_ten64d
✓ Generated: GraduallyDecreaseDimensions_hundred32d
✓ Generated: GraduallyDecreaseDimensions_thousand32d
✓ Generated: GraduallyDecreaseDimensions_ten128d
✓ Generated: IncreaseDimentionallity_ten64d
✓ Generated: IncreaseDimentionallity_thousand128d
✓ Generated: IncreaseDimentionallity_thousand64d
✓ Generated: IncreaseDimentionallity_hundred64d
✓ Generated: IncreaseDimentionallity_ten128d
✓ Generated: IncreaseDimentionallity_hundred128d
Done!
